# JRE version: OpenJDK Runtime Environment Temurin-17.0.13+11 (17.0.13+11) (build 17.0.13+11)
# Java VM: OpenJDK 64-Bit Server VM Temurin-17.0.13+11 (17.0.13+11, mixed mode, tiered, compressed oops, compressed class ptrs, parallel gc, bsd-amd64)
GC Precious Log:
 CPUs: 12 total, 12 available
 Memory: 32768M
 Large Page Support: Disabled
 NUMA Support: Disabled
 Compressed Oops: Enabled (Zero based)
 Alignments: Space 512K, Generation 512K, Heap 2M
 Heap Min Capacity: 100M
 Heap Initial Capacity: 100M
 Heap Max Capacity: 1G
 Pre-touch: Disabled
 Parallel Workers: 10
Heap:
 PSYoungGen      total 11776K, used 11618K [0x00000007eab00000, 0x00000007eba00000, 0x0000000800000000)
  eden space 10240K, 99% used [0x00000007eab00000,0x00000007eb4fef20,0x00000007eb500000)
  from space 1536K, 90% used [0x00000007eb500000,0x00000007eb659cc8,0x00000007eb680000)
  to   space 2560K, 0% used [0x00000007eb780000,0x00000007eb780000,0x00000007eba00000)
 ParOldGen       total 141824K, used 141051K [0x00000007c0000000, 0x00000007c8a80000, 0x00000007eab00000)
  object space 141824K, 99% used [0x00000007c0000000,0x00000007c89befb8,0x00000007c8a80000)
 Metaspace       used 71846K, committed 73152K, reserved 1114112K
  class space    used 7868K, committed 8448K, reserved 1048576K
GC Heap History (20 events):
Event: 9.976 GC heap before
{Heap before GC invocations=66 (full 5):
 PSYoungGen      total 18944K, used 16918K [0x00000007eab00000, 0x00000007ec180000, 0x0000000800000000)
  eden space 13824K, 100% used [0x00000007eab00000,0x00000007eb880000,0x00000007eb880000)
  from space 5120K, 60% used [0x00000007eb880000,0x00000007ebb85938,0x00000007ebd80000)
  to   space 3584K, 0% used [0x00000007ebe00000,0x00000007ebe00000,0x00000007ec180000)
 ParOldGen       total 141824K, used 120421K [0x00000007c0000000, 0x00000007c8a80000, 0x00000007eab00000)
  object space 141824K, 84% used [0x00000007c0000000,0x00000007c7599678,0x00000007c8a80000)
 Metaspace       used 68150K, committed 69312K, reserved 1114112K
  class space    used 7446K, committed 8000K, reserved 1048576K
}
Event: 9.979 GC heap after
{Heap after GC invocations=66 (full 5):
 PSYoungGen      total 16896K, used 2762K [0x00000007eab00000, 0x00000007ec100000, 0x0000000800000000)
  eden space 13824K, 0% used [0x00000007eab00000,0x00000007eab00000,0x00000007eb880000)
  from space 3072K, 89% used [0x00000007ebe00000,0x00000007ec0b2ab0,0x00000007ec100000)
  to   space 3072K, 0% used [0x00000007ebb00000,0x00000007ebb00000,0x00000007ebe00000)
 ParOldGen       total 141824K, used 122931K [0x00000007c0000000, 0x00000007c8a80000, 0x00000007eab00000)
  object space 141824K, 86% used [0x00000007c0000000,0x00000007c780ce10,0x00000007c8a80000)
 Metaspace       used 68150K, committed 69312K, reserved 1114112K
  class space    used 7446K, committed 8000K, reserved 1048576K
}
Event: 10.079 GC heap before
{Heap before GC invocations=67 (full 5):
 PSYoungGen      total 16896K, used 16572K [0x00000007eab00000, 0x00000007ec100000, 0x0000000800000000)
  eden space 13824K, 99% used [0x00000007eab00000,0x00000007eb87c5b8,0x00000007eb880000)
  from space 3072K, 89% used [0x00000007ebe00000,0x00000007ec0b2ab0,0x00000007ec100000)
  to   space 3072K, 0% used [0x00000007ebb00000,0x00000007ebb00000,0x00000007ebe00000)
 ParOldGen       total 141824K, used 122931K [0x00000007c0000000, 0x00000007c8a80000, 0x00000007eab00000)
  object space 141824K, 86% used [0x00000007c0000000,0x00000007c780ce10,0x00000007c8a80000)
 Metaspace       used 68335K, committed 69504K, reserved 1114112K
  class space    used 7469K, committed 8000K, reserved 1048576K
}
Event: 10.091 GC heap after
{Heap after GC invocations=67 (full 5):
 PSYoungGen      total 16384K, used 2148K [0x00000007eab00000, 0x00000007ebe80000, 0x0000000800000000)
  eden space 13824K, 0% used [0x00000007eab00000,0x00000007eab00000,0x00000007eb880000)
  from space 2560K, 83% used [0x00000007ebb00000,0x00000007ebd19290,0x00000007ebd80000)
  to   space 1024K, 0% used [0x00000007ebd80000,0x00000007ebd80000,0x00000007ebe80000)
 ParOldGen       total 141824K, used 125502K [0x00000007c0000000, 0x00000007c8a80000, 0x00000007eab00000)
  object space 141824K, 88% used [0x00000007c0000000,0x00000007c7a8f818,0x00000007c8a80000)
 Metaspace       used 68335K, committed 69504K, reserved 1114112K
  class space    used 7469K, committed 8000K, reserved 1048576K
}
Event: 10.184 GC heap before
{Heap before GC invocations=68 (full 5):
 PSYoungGen      total 16384K, used 15972K [0x00000007eab00000, 0x00000007ebe80000, 0x0000000800000000)
  eden space 13824K, 99% used [0x00000007eab00000,0x00000007eb87ff48,0x00000007eb880000)
  from space 2560K, 83% used [0x00000007ebb00000,0x00000007ebd19290,0x00000007ebd80000)
  to   space 1024K, 0% used [0x00000007ebd80000,0x00000007ebd80000,0x00000007ebe80000)
 ParOldGen       total 141824K, used 125502K [0x00000007c0000000, 0x00000007c8a80000, 0x00000007eab00000)
  object space 141824K, 88% used [0x00000007c0000000,0x00000007c7a8f818,0x00000007c8a80000)
 Metaspace       used 68543K, committed 69696K, reserved 1114112K
  class space    used 7495K, committed 8000K, reserved 1048576K
}
Event: 10.187 GC heap after
{Heap after GC invocations=68 (full 5):
 PSYoungGen      total 14848K, used 1008K [0x00000007eab00000, 0x00000007ec180000, 0x0000000800000000)
  eden space 13824K, 0% used [0x00000007eab00000,0x00000007eab00000,0x00000007eb880000)
  from space 1024K, 98% used [0x00000007ebd80000,0x00000007ebe7c1c0,0x00000007ebe80000)
  to   space 4608K, 0% used [0x00000007eb880000,0x00000007eb880000,0x00000007ebd00000)
 ParOldGen       total 141824K, used 128706K [0x00000007c0000000, 0x00000007c8a80000, 0x00000007eab00000)
  object space 141824K, 90% used [0x00000007c0000000,0x00000007c7db0978,0x00000007c8a80000)
 Metaspace       used 68543K, committed 69696K, reserved 1114112K
  class space    used 7495K, committed 8000K, reserved 1048576K
}
Event: 10.277 GC heap before
{Heap before GC invocations=69 (full 5):
 PSYoungGen      total 14848K, used 14832K [0x00000007eab00000, 0x00000007ec180000, 0x0000000800000000)
  eden space 13824K, 100% used [0x00000007eab00000,0x00000007eb880000,0x00000007eb880000)
  from space 1024K, 98% used [0x00000007ebd80000,0x00000007ebe7c1c0,0x00000007ebe80000)
  to   space 4608K, 0% used [0x00000007eb880000,0x00000007eb880000,0x00000007ebd00000)
 ParOldGen       total 141824K, used 128706K [0x00000007c0000000, 0x00000007c8a80000, 0x00000007eab00000)
  object space 141824K, 90% used [0x00000007c0000000,0x00000007c7db0978,0x00000007c8a80000)
 Metaspace       used 68926K, committed 70144K, reserved 1114112K
  class space    used 7531K, committed 8064K, reserved 1048576K
}
Event: 10.279 GC heap after
{Heap after GC invocations=69 (full 5):
 PSYoungGen      total 16896K, used 2860K [0x00000007eab00000, 0x00000007ebf80000, 0x0000000800000000)
  eden space 13824K, 0% used [0x00000007eab00000,0x00000007eab00000,0x00000007eb880000)
  from space 3072K, 93% used [0x00000007eb880000,0x00000007ebb4b0f0,0x00000007ebb80000)
  to   space 3584K, 0% used [0x00000007ebc00000,0x00000007ebc00000,0x00000007ebf80000)
 ParOldGen       total 141824K, used 129726K [0x00000007c0000000, 0x00000007c8a80000, 0x00000007eab00000)
  object space 141824K, 91% used [0x00000007c0000000,0x00000007c7eafac0,0x00000007c8a80000)
 Metaspace       used 68926K, committed 70144K, reserved 1114112K
  class space    used 7531K, committed 8064K, reserved 1048576K
}
Event: 10.371 GC heap before
{Heap before GC invocations=70 (full 5):
 PSYoungGen      total 16896K, used 16684K [0x00000007eab00000, 0x00000007ebf80000, 0x0000000800000000)
  eden space 13824K, 100% used [0x00000007eab00000,0x00000007eb880000,0x00000007eb880000)
  from space 3072K, 93% used [0x00000007eb880000,0x00000007ebb4b0f0,0x00000007ebb80000)
  to   space 3584K, 0% used [0x00000007ebc00000,0x00000007ebc00000,0x00000007ebf80000)
 ParOldGen       total 141824K, used 129726K [0x00000007c0000000, 0x00000007c8a80000, 0x00000007eab00000)
  object space 141824K, 91% used [0x00000007c0000000,0x00000007c7eafac0,0x00000007c8a80000)
 Metaspace       used 69119K, committed 70336K, reserved 1114112K
  class space    used 7548K, committed 8064K, reserved 1048576K
}
Event: 10.379 GC heap after
{Heap after GC invocations=70 (full 5):
 PSYoungGen      total 15360K, used 3579K [0x00000007eab00000, 0x00000007ec380000, 0x0000000800000000)
  eden space 11776K, 0% used [0x00000007eab00000,0x00000007eab00000,0x00000007eb680000)
  from space 3584K, 99% used [0x00000007ebc00000,0x00000007ebf7ee38,0x00000007ebf80000)
  to   space 5632K, 0% used [0x00000007eb680000,0x00000007eb680000,0x00000007ebc00000)
 ParOldGen       total 141824K, used 131187K [0x00000007c0000000, 0x00000007c8a80000, 0x00000007eab00000)
  object space 141824K, 92% used [0x00000007c0000000,0x00000007c801cc58,0x00000007c8a80000)
 Metaspace       used 69119K, committed 70336K, reserved 1114112K
  class space    used 7548K, committed 8064K, reserved 1048576K
}
Event: 10.485 GC heap before
{Heap before GC invocations=71 (full 5):
 PSYoungGen      total 15360K, used 15355K [0x00000007eab00000, 0x00000007ec380000, 0x0000000800000000)
  eden space 11776K, 100% used [0x00000007eab00000,0x00000007eb680000,0x00000007eb680000)
  from space 3584K, 99% used [0x00000007ebc00000,0x00000007ebf7ee38,0x00000007ebf80000)
  to   space 5632K, 0% used [0x00000007eb680000,0x00000007eb680000,0x00000007ebc00000)
 ParOldGen       total 141824K, used 131187K [0x00000007c0000000, 0x00000007c8a80000, 0x00000007eab00000)
  object space 141824K, 92% used [0x00000007c0000000,0x00000007c801cc58,0x00000007c8a80000)
 Metaspace       used 69633K, committed 70976K, reserved 1114112K
  class space    used 7593K, committed 8192K, reserved 1048576K
}
Event: 10.492 GC heap after
{Heap after GC invocations=71 (full 5):
 PSYoungGen      total 13824K, used 1918K [0x00000007eab00000, 0x00000007ebc80000, 0x0000000800000000)
  eden space 11776K, 0% used [0x00000007eab00000,0x00000007eab00000,0x00000007eb680000)
  from space 2048K, 93% used [0x00000007eb680000,0x00000007eb85f960,0x00000007eb880000)
  to   space 3072K, 0% used [0x00000007eb980000,0x00000007eb980000,0x00000007ebc80000)
 ParOldGen       total 141824K, used 134715K [0x00000007c0000000, 0x00000007c8a80000, 0x00000007eab00000)
  object space 141824K, 94% used [0x00000007c0000000,0x00000007c838edd8,0x00000007c8a80000)
 Metaspace       used 69633K, committed 70976K, reserved 1114112K
  class space    used 7593K, committed 8192K, reserved 1048576K
}
Event: 10.570 GC heap before
{Heap before GC invocations=72 (full 5):
 PSYoungGen      total 13824K, used 13694K [0x00000007eab00000, 0x00000007ebc80000, 0x0000000800000000)
  eden space 11776K, 100% used [0x00000007eab00000,0x00000007eb680000,0x00000007eb680000)
  from space 2048K, 93% used [0x00000007eb680000,0x00000007eb85f960,0x00000007eb880000)
  to   space 3072K, 0% used [0x00000007eb980000,0x00000007eb980000,0x00000007ebc80000)
 ParOldGen       total 141824K, used 134715K [0x00000007c0000000, 0x00000007c8a80000, 0x00000007eab00000)
  object space 141824K, 94% used [0x00000007c0000000,0x00000007c838edd8,0x00000007c8a80000)
 Metaspace       used 70233K, committed 71552K, reserved 1114112K
  class space    used 7673K, committed 8256K, reserved 1048576K
}
Event: 10.572 GC heap after
{Heap after GC invocations=72 (full 5):
 PSYoungGen      total 13824K, used 3068K [0x00000007eab00000, 0x00000007ebe80000, 0x0000000800000000)
  eden space 10752K, 0% used [0x00000007eab00000,0x00000007eab00000,0x00000007eb580000)
  from space 3072K, 99% used [0x00000007eb980000,0x00000007ebc7f300,0x00000007ebc80000)
  to   space 4096K, 0% used [0x00000007eb580000,0x00000007eb580000,0x00000007eb980000)
 ParOldGen       total 141824K, used 135237K [0x00000007c0000000, 0x00000007c8a80000, 0x00000007eab00000)
  object space 141824K, 95% used [0x00000007c0000000,0x00000007c8411768,0x00000007c8a80000)
 Metaspace       used 70233K, committed 71552K, reserved 1114112K
  class space    used 7673K, committed 8256K, reserved 1048576K
}
Event: 10.624 GC heap before
{Heap before GC invocations=73 (full 5):
 PSYoungGen      total 13824K, used 13820K [0x00000007eab00000, 0x00000007ebe80000, 0x0000000800000000)
  eden space 10752K, 100% used [0x00000007eab00000,0x00000007eb580000,0x00000007eb580000)
  from space 3072K, 99% used [0x00000007eb980000,0x00000007ebc7f300,0x00000007ebc80000)
  to   space 4096K, 0% used [0x00000007eb580000,0x00000007eb580000,0x00000007eb980000)
 ParOldGen       total 141824K, used 135237K [0x00000007c0000000, 0x00000007c8a80000, 0x00000007eab00000)
  object space 141824K, 95% used [0x00000007c0000000,0x00000007c8411768,0x00000007c8a80000)
 Metaspace       used 70603K, committed 71936K, reserved 1114112K
  class space    used 7741K, committed 8320K, reserved 1048576K
}
Event: 10.627 GC heap after
{Heap after GC invocations=73 (full 5):
 PSYoungGen      total 13312K, used 2251K [0x00000007eab00000, 0x00000007ebb80000, 0x0000000800000000)
  eden space 10752K, 0% used [0x00000007eab00000,0x00000007eab00000,0x00000007eb580000)
  from space 2560K, 87% used [0x00000007eb580000,0x00000007eb7b2ea8,0x00000007eb800000)
  to   space 3072K, 0% used [0x00000007eb880000,0x00000007eb880000,0x00000007ebb80000)
 ParOldGen       total 141824K, used 137994K [0x00000007c0000000, 0x00000007c8a80000, 0x00000007eab00000)
  object space 141824K, 97% used [0x00000007c0000000,0x00000007c86c2be0,0x00000007c8a80000)
 Metaspace       used 70603K, committed 71936K, reserved 1114112K
  class space    used 7741K, committed 8320K, reserved 1048576K
}
Event: 10.691 GC heap before
{Heap before GC invocations=74 (full 5):
 PSYoungGen      total 13312K, used 13003K [0x00000007eab00000, 0x00000007ebb80000, 0x0000000800000000)
  eden space 10752K, 100% used [0x00000007eab00000,0x00000007eb580000,0x00000007eb580000)
  from space 2560K, 87% used [0x00000007eb580000,0x00000007eb7b2ea8,0x00000007eb800000)
  to   space 3072K, 0% used [0x00000007eb880000,0x00000007eb880000,0x00000007ebb80000)
 ParOldGen       total 141824K, used 137994K [0x00000007c0000000, 0x00000007c8a80000, 0x00000007eab00000)
  object space 141824K, 97% used [0x00000007c0000000,0x00000007c86c2be0,0x00000007c8a80000)
 Metaspace       used 71119K, committed 72448K, reserved 1114112K
  class space    used 7793K, committed 8384K, reserved 1048576K
}
Event: 10.698 GC heap after
{Heap after GC invocations=74 (full 5):
 PSYoungGen      total 13312K, used 3054K [0x00000007eab00000, 0x00000007ebc80000, 0x0000000800000000)
  eden space 10240K, 0% used [0x00000007eab00000,0x00000007eab00000,0x00000007eb500000)
  from space 3072K, 99% used [0x00000007eb880000,0x00000007ebb7b858,0x00000007ebb80000)
  to   space 3584K, 0% used [0x00000007eb500000,0x00000007eb500000,0x00000007eb880000)
 ParOldGen       total 141824K, used 138247K [0x00000007c0000000, 0x00000007c8a80000, 0x00000007eab00000)
  object space 141824K, 97% used [0x00000007c0000000,0x00000007c8701d10,0x00000007c8a80000)
 Metaspace       used 71119K, committed 72448K, reserved 1114112K
  class space    used 7793K, committed 8384K, reserved 1048576K
}
Event: 10.763 GC heap before
{Heap before GC invocations=75 (full 5):
 PSYoungGen      total 13312K, used 13294K [0x00000007eab00000, 0x00000007ebc80000, 0x0000000800000000)
  eden space 10240K, 100% used [0x00000007eab00000,0x00000007eb500000,0x00000007eb500000)
  from space 3072K, 99% used [0x00000007eb880000,0x00000007ebb7b858,0x00000007ebb80000)
  to   space 3584K, 0% used [0x00000007eb500000,0x00000007eb500000,0x00000007eb880000)
 ParOldGen       total 141824K, used 138247K [0x00000007c0000000, 0x00000007c8a80000, 0x00000007eab00000)
  object space 141824K, 97% used [0x00000007c0000000,0x00000007c8701d10,0x00000007c8a80000)
 Metaspace       used 71387K, committed 72704K, reserved 1114112K
  class space    used 7832K, committed 8448K, reserved 1048576K
}
Event: 10.768 GC heap after
{Heap after GC invocations=75 (full 5):
 PSYoungGen      total 11776K, used 1383K [0x00000007eab00000, 0x00000007eba00000, 0x0000000800000000)
  eden space 10240K, 0% used [0x00000007eab00000,0x00000007eab00000,0x00000007eb500000)
  from space 1536K, 90% used [0x00000007eb500000,0x00000007eb659cc8,0x00000007eb680000)
  to   space 2560K, 0% used [0x00000007eb780000,0x00000007eb780000,0x00000007eba00000)
 ParOldGen       total 141824K, used 141051K [0x00000007c0000000, 0x00000007c8a80000, 0x00000007eab00000)
  object space 141824K, 99% used [0x00000007c0000000,0x00000007c89befb8,0x00000007c8a80000)
 Metaspace       used 71387K, committed 72704K, reserved 1114112K
  class space    used 7832K, committed 8448K, reserved 1048576K
}

