# JRE version: OpenJDK Runtime Environment Temurin-17.0.13+11 (17.0.13+11) (build 17.0.13+11)
# Java VM: OpenJDK 64-Bit Server VM Temurin-17.0.13+11 (17.0.13+11, mixed mode, tiered, compressed oops, compressed class ptrs, parallel gc, bsd-amd64)
GC Precious Log:
 CPUs: 12 total, 12 available
 Memory: 32768M
 Large Page Support: Disabled
 NUMA Support: Disabled
 Compressed Oops: Enabled (Zero based)
 Alignments: Space 512K, Generation 512K, Heap 2M
 Heap Min Capacity: 100M
 Heap Initial Capacity: 100M
 Heap Max Capacity: 1G
 Pre-touch: Disabled
 Parallel Workers: 10
Heap:
 PSYoungGen      total 9728K, used 7472K [0x00000007eab00000, 0x00000007eb800000, 0x0000000800000000)
  eden space 6144K, 68% used [0x00000007eab00000,0x00000007eaf18ae0,0x00000007eb100000)
  from space 3584K, 91% used [0x00000007eb100000,0x00000007eb433690,0x00000007eb480000)
  to   space 3584K, 0% used [0x00000007eb480000,0x00000007eb480000,0x00000007eb800000)
 ParOldGen       total 201216K, used 152763K [0x00000007c0000000, 0x00000007cc480000, 0x00000007eab00000)
  object space 201216K, 75% used [0x00000007c0000000,0x00000007c952eee0,0x00000007cc480000)
 Metaspace       used 88790K, committed 90176K, reserved 1179648K
  class space    used 9474K, committed 10048K, reserved 1048576K
GC Heap History (20 events):
Event: 20251.858 GC heap before
{Heap before GC invocations=329 (full 13):
 PSYoungGen      total 10240K, used 10169K [0x00000007eab00000, 0x00000007eb800000, 0x0000000800000000)
  eden space 7168K, 100% used [0x00000007eab00000,0x00000007eb200000,0x00000007eb200000)
  from space 3072K, 97% used [0x00000007eb200000,0x00000007eb4ee650,0x00000007eb500000)
  to   space 3072K, 0% used [0x00000007eb500000,0x00000007eb500000,0x00000007eb800000)
 ParOldGen       total 201216K, used 150543K [0x00000007c0000000, 0x00000007cc480000, 0x00000007eab00000)
  object space 201216K, 74% used [0x00000007c0000000,0x00000007c9303d70,0x00000007cc480000)
 Metaspace       used 87905K, committed 89280K, reserved 1179648K
  class space    used 9416K, committed 9984K, reserved 1048576K
}
Event: 20251.871 GC heap after
{Heap after GC invocations=329 (full 13):
 PSYoungGen      total 10240K, used 2709K [0x00000007eab00000, 0x00000007eb800000, 0x0000000800000000)
  eden space 7168K, 0% used [0x00000007eab00000,0x00000007eab00000,0x00000007eb200000)
  from space 3072K, 88% used [0x00000007eb500000,0x00000007eb7a5440,0x00000007eb800000)
  to   space 3072K, 0% used [0x00000007eb200000,0x00000007eb200000,0x00000007eb500000)
 ParOldGen       total 201216K, used 150543K [0x00000007c0000000, 0x00000007cc480000, 0x00000007eab00000)
  object space 201216K, 74% used [0x00000007c0000000,0x00000007c9303d70,0x00000007cc480000)
 Metaspace       used 87905K, committed 89280K, reserved 1179648K
  class space    used 9416K, committed 9984K, reserved 1048576K
}
Event: 20252.006 GC heap before
{Heap before GC invocations=330 (full 13):
 PSYoungGen      total 10240K, used 9877K [0x00000007eab00000, 0x00000007eb800000, 0x0000000800000000)
  eden space 7168K, 100% used [0x00000007eab00000,0x00000007eb200000,0x00000007eb200000)
  from space 3072K, 88% used [0x00000007eb500000,0x00000007eb7a5440,0x00000007eb800000)
  to   space 3072K, 0% used [0x00000007eb200000,0x00000007eb200000,0x00000007eb500000)
 ParOldGen       total 201216K, used 150543K [0x00000007c0000000, 0x00000007cc480000, 0x00000007eab00000)
  object space 201216K, 74% used [0x00000007c0000000,0x00000007c9303d70,0x00000007cc480000)
 Metaspace       used 87929K, committed 89280K, reserved 1179648K
  class space    used 9416K, committed 9984K, reserved 1048576K
}
Event: 20252.020 GC heap after
{Heap after GC invocations=330 (full 13):
 PSYoungGen      total 10240K, used 3049K [0x00000007eab00000, 0x00000007eb900000, 0x0000000800000000)
  eden space 7168K, 0% used [0x00000007eab00000,0x00000007eab00000,0x00000007eb200000)
  from space 3072K, 99% used [0x00000007eb200000,0x00000007eb4fa660,0x00000007eb500000)
  to   space 3584K, 0% used [0x00000007eb580000,0x00000007eb580000,0x00000007eb900000)
 ParOldGen       total 201216K, used 150667K [0x00000007c0000000, 0x00000007cc480000, 0x00000007eab00000)
  object space 201216K, 74% used [0x00000007c0000000,0x00000007c9322ff0,0x00000007cc480000)
 Metaspace       used 87929K, committed 89280K, reserved 1179648K
  class space    used 9416K, committed 9984K, reserved 1048576K
}
Event: 20253.091 GC heap before
{Heap before GC invocations=331 (full 13):
 PSYoungGen      total 10240K, used 10217K [0x00000007eab00000, 0x00000007eb900000, 0x0000000800000000)
  eden space 7168K, 99% used [0x00000007eab00000,0x00000007eb1fffd0,0x00000007eb200000)
  from space 3072K, 99% used [0x00000007eb200000,0x00000007eb4fa660,0x00000007eb500000)
  to   space 3584K, 0% used [0x00000007eb580000,0x00000007eb580000,0x00000007eb900000)
 ParOldGen       total 201216K, used 150667K [0x00000007c0000000, 0x00000007cc480000, 0x00000007eab00000)
  object space 201216K, 74% used [0x00000007c0000000,0x00000007c9322ff0,0x00000007cc480000)
 Metaspace       used 88030K, committed 89408K, reserved 1179648K
  class space    used 9423K, committed 9984K, reserved 1048576K
}
Event: 20253.106 GC heap after
{Heap after GC invocations=331 (full 13):
 PSYoungGen      total 10240K, used 2910K [0x00000007eab00000, 0x00000007eb880000, 0x0000000800000000)
  eden space 7168K, 0% used [0x00000007eab00000,0x00000007eab00000,0x00000007eb200000)
  from space 3072K, 94% used [0x00000007eb580000,0x00000007eb857b70,0x00000007eb880000)
  to   space 3072K, 0% used [0x00000007eb200000,0x00000007eb200000,0x00000007eb500000)
 ParOldGen       total 201216K, used 151020K [0x00000007c0000000, 0x00000007cc480000, 0x00000007eab00000)
  object space 201216K, 75% used [0x00000007c0000000,0x00000007c937b1f0,0x00000007cc480000)
 Metaspace       used 88030K, committed 89408K, reserved 1179648K
  class space    used 9423K, committed 9984K, reserved 1048576K
}
Event: 20253.515 GC heap before
{Heap before GC invocations=332 (full 13):
 PSYoungGen      total 10240K, used 10078K [0x00000007eab00000, 0x00000007eb880000, 0x0000000800000000)
  eden space 7168K, 100% used [0x00000007eab00000,0x00000007eb200000,0x00000007eb200000)
  from space 3072K, 94% used [0x00000007eb580000,0x00000007eb857b70,0x00000007eb880000)
  to   space 3072K, 0% used [0x00000007eb200000,0x00000007eb200000,0x00000007eb500000)
 ParOldGen       total 201216K, used 151020K [0x00000007c0000000, 0x00000007cc480000, 0x00000007eab00000)
  object space 201216K, 75% used [0x00000007c0000000,0x00000007c937b1f0,0x00000007cc480000)
 Metaspace       used 88054K, committed 89408K, reserved 1179648K
  class space    used 9423K, committed 9984K, reserved 1048576K
}
Event: 20253.517 GC heap after
{Heap after GC invocations=332 (full 13):
 PSYoungGen      total 10240K, used 3049K [0x00000007eab00000, 0x00000007eb900000, 0x0000000800000000)
  eden space 7168K, 0% used [0x00000007eab00000,0x00000007eab00000,0x00000007eb200000)
  from space 3072K, 99% used [0x00000007eb200000,0x00000007eb4fa480,0x00000007eb500000)
  to   space 3584K, 0% used [0x00000007eb580000,0x00000007eb580000,0x00000007eb900000)
 ParOldGen       total 201216K, used 151376K [0x00000007c0000000, 0x00000007cc480000, 0x00000007eab00000)
  object space 201216K, 75% used [0x00000007c0000000,0x00000007c93d43f0,0x00000007cc480000)
 Metaspace       used 88054K, committed 89408K, reserved 1179648K
  class space    used 9423K, committed 9984K, reserved 1048576K
}
Event: 20253.902 GC heap before
{Heap before GC invocations=333 (full 13):
 PSYoungGen      total 10240K, used 10217K [0x00000007eab00000, 0x00000007eb900000, 0x0000000800000000)
  eden space 7168K, 100% used [0x00000007eab00000,0x00000007eb200000,0x00000007eb200000)
  from space 3072K, 99% used [0x00000007eb200000,0x00000007eb4fa480,0x00000007eb500000)
  to   space 3584K, 0% used [0x00000007eb580000,0x00000007eb580000,0x00000007eb900000)
 ParOldGen       total 201216K, used 151376K [0x00000007c0000000, 0x00000007cc480000, 0x00000007eab00000)
  object space 201216K, 75% used [0x00000007c0000000,0x00000007c93d43f0,0x00000007cc480000)
 Metaspace       used 88109K, committed 89472K, reserved 1179648K
  class space    used 9423K, committed 9984K, reserved 1048576K
}
Event: 20253.925 GC heap after
{Heap after GC invocations=333 (full 13):
 PSYoungGen      total 10752K, used 3220K [0x00000007eab00000, 0x00000007eb900000, 0x0000000800000000)
  eden space 7168K, 0% used [0x00000007eab00000,0x00000007eab00000,0x00000007eb200000)
  from space 3584K, 89% used [0x00000007eb580000,0x00000007eb8a5240,0x00000007eb900000)
  to   space 3584K, 0% used [0x00000007eb200000,0x00000007eb200000,0x00000007eb580000)
 ParOldGen       total 201216K, used 151617K [0x00000007c0000000, 0x00000007cc480000, 0x00000007eab00000)
  object space 201216K, 75% used [0x00000007c0000000,0x00000007c9410410,0x00000007cc480000)
 Metaspace       used 88109K, committed 89472K, reserved 1179648K
  class space    used 9423K, committed 9984K, reserved 1048576K
}
Event: 20254.185 GC heap before
{Heap before GC invocations=334 (full 13):
 PSYoungGen      total 10752K, used 10388K [0x00000007eab00000, 0x00000007eb900000, 0x0000000800000000)
  eden space 7168K, 100% used [0x00000007eab00000,0x00000007eb200000,0x00000007eb200000)
  from space 3584K, 89% used [0x00000007eb580000,0x00000007eb8a5240,0x00000007eb900000)
  to   space 3584K, 0% used [0x00000007eb200000,0x00000007eb200000,0x00000007eb580000)
 ParOldGen       total 201216K, used 151617K [0x00000007c0000000, 0x00000007cc480000, 0x00000007eab00000)
  object space 201216K, 75% used [0x00000007c0000000,0x00000007c9410410,0x00000007cc480000)
 Metaspace       used 88135K, committed 89472K, reserved 1179648K
  class space    used 9424K, committed 9984K, reserved 1048576K
}
Event: 20254.199 GC heap after
{Heap after GC invocations=334 (full 13):
 PSYoungGen      total 10752K, used 3565K [0x00000007eab00000, 0x00000007eba00000, 0x0000000800000000)
  eden space 7168K, 0% used [0x00000007eab00000,0x00000007eab00000,0x00000007eb200000)
  from space 3584K, 99% used [0x00000007eb200000,0x00000007eb57b690,0x00000007eb580000)
  to   space 4096K, 0% used [0x00000007eb600000,0x00000007eb600000,0x00000007eba00000)
 ParOldGen       total 201216K, used 151921K [0x00000007c0000000, 0x00000007cc480000, 0x00000007eab00000)
  object space 201216K, 75% used [0x00000007c0000000,0x00000007c945c410,0x00000007cc480000)
 Metaspace       used 88135K, committed 89472K, reserved 1179648K
  class space    used 9424K, committed 9984K, reserved 1048576K
}
Event: 20254.383 GC heap before
{Heap before GC invocations=335 (full 13):
 PSYoungGen      total 10752K, used 10733K [0x00000007eab00000, 0x00000007eba00000, 0x0000000800000000)
  eden space 7168K, 100% used [0x00000007eab00000,0x00000007eb200000,0x00000007eb200000)
  from space 3584K, 99% used [0x00000007eb200000,0x00000007eb57b690,0x00000007eb580000)
  to   space 4096K, 0% used [0x00000007eb600000,0x00000007eb600000,0x00000007eba00000)
 ParOldGen       total 201216K, used 151921K [0x00000007c0000000, 0x00000007cc480000, 0x00000007eab00000)
  object space 201216K, 75% used [0x00000007c0000000,0x00000007c945c410,0x00000007cc480000)
 Metaspace       used 88188K, committed 89536K, reserved 1179648K
  class space    used 9424K, committed 9984K, reserved 1048576K
}
Event: 20254.399 GC heap after
{Heap after GC invocations=335 (full 13):
 PSYoungGen      total 10752K, used 4071K [0x00000007eab00000, 0x00000007ebb00000, 0x0000000800000000)
  eden space 6656K, 0% used [0x00000007eab00000,0x00000007eab00000,0x00000007eb180000)
  from space 4096K, 99% used [0x00000007eb600000,0x00000007eb9f9f70,0x00000007eba00000)
  to   space 4608K, 0% used [0x00000007eb180000,0x00000007eb180000,0x00000007eb600000)
 ParOldGen       total 201216K, used 152025K [0x00000007c0000000, 0x00000007cc480000, 0x00000007eab00000)
  object space 201216K, 75% used [0x00000007c0000000,0x00000007c9476410,0x00000007cc480000)
 Metaspace       used 88188K, committed 89536K, reserved 1179648K
  class space    used 9424K, committed 9984K, reserved 1048576K
}
Event: 20257.115 GC heap before
{Heap before GC invocations=336 (full 13):
 PSYoungGen      total 10752K, used 10727K [0x00000007eab00000, 0x00000007ebb00000, 0x0000000800000000)
  eden space 6656K, 100% used [0x00000007eab00000,0x00000007eb180000,0x00000007eb180000)
  from space 4096K, 99% used [0x00000007eb600000,0x00000007eb9f9f70,0x00000007eba00000)
  to   space 4608K, 0% used [0x00000007eb180000,0x00000007eb180000,0x00000007eb600000)
 ParOldGen       total 201216K, used 152025K [0x00000007c0000000, 0x00000007cc480000, 0x00000007eab00000)
  object space 201216K, 75% used [0x00000007c0000000,0x00000007c9476410,0x00000007cc480000)
 Metaspace       used 88197K, committed 89536K, reserved 1179648K
  class space    used 9424K, committed 9984K, reserved 1048576K
}
Event: 20257.132 GC heap after
{Heap after GC invocations=336 (full 13):
 PSYoungGen      total 9728K, used 2931K [0x00000007eab00000, 0x00000007eb880000, 0x0000000800000000)
  eden space 6656K, 0% used [0x00000007eab00000,0x00000007eab00000,0x00000007eb180000)
  from space 3072K, 95% used [0x00000007eb180000,0x00000007eb45cd70,0x00000007eb480000)
  to   space 3584K, 0% used [0x00000007eb500000,0x00000007eb500000,0x00000007eb880000)
 ParOldGen       total 201216K, used 152660K [0x00000007c0000000, 0x00000007cc480000, 0x00000007eab00000)
  object space 201216K, 75% used [0x00000007c0000000,0x00000007c9515110,0x00000007cc480000)
 Metaspace       used 88197K, committed 89536K, reserved 1179648K
  class space    used 9424K, committed 9984K, reserved 1048576K
}
Event: 20257.493 GC heap before
{Heap before GC invocations=337 (full 13):
 PSYoungGen      total 9728K, used 9587K [0x00000007eab00000, 0x00000007eb880000, 0x0000000800000000)
  eden space 6656K, 100% used [0x00000007eab00000,0x00000007eb180000,0x00000007eb180000)
  from space 3072K, 95% used [0x00000007eb180000,0x00000007eb45cd70,0x00000007eb480000)
  to   space 3584K, 0% used [0x00000007eb500000,0x00000007eb500000,0x00000007eb880000)
 ParOldGen       total 201216K, used 152660K [0x00000007c0000000, 0x00000007cc480000, 0x00000007eab00000)
  object space 201216K, 75% used [0x00000007c0000000,0x00000007c9515110,0x00000007cc480000)
 Metaspace       used 88244K, committed 89600K, reserved 1179648K
  class space    used 9426K, committed 9984K, reserved 1048576K
}
Event: 20257.503 GC heap after
{Heap after GC invocations=337 (full 13):
 PSYoungGen      total 9728K, used 3575K [0x00000007eab00000, 0x00000007eb980000, 0x0000000800000000)
  eden space 6144K, 0% used [0x00000007eab00000,0x00000007eab00000,0x00000007eb100000)
  from space 3584K, 99% used [0x00000007eb500000,0x00000007eb87dfa0,0x00000007eb880000)
  to   space 4096K, 0% used [0x00000007eb100000,0x00000007eb100000,0x00000007eb500000)
 ParOldGen       total 201216K, used 152707K [0x00000007c0000000, 0x00000007cc480000, 0x00000007eab00000)
  object space 201216K, 75% used [0x00000007c0000000,0x00000007c9520ee0,0x00000007cc480000)
 Metaspace       used 88244K, committed 89600K, reserved 1179648K
  class space    used 9426K, committed 9984K, reserved 1048576K
}
Event: 20257.828 GC heap before
{Heap before GC invocations=338 (full 13):
 PSYoungGen      total 9728K, used 9719K [0x00000007eab00000, 0x00000007eb980000, 0x0000000800000000)
  eden space 6144K, 100% used [0x00000007eab00000,0x00000007eb100000,0x00000007eb100000)
  from space 3584K, 99% used [0x00000007eb500000,0x00000007eb87dfa0,0x00000007eb880000)
  to   space 4096K, 0% used [0x00000007eb100000,0x00000007eb100000,0x00000007eb500000)
 ParOldGen       total 201216K, used 152707K [0x00000007c0000000, 0x00000007cc480000, 0x00000007eab00000)
  object space 201216K, 75% used [0x00000007c0000000,0x00000007c9520ee0,0x00000007cc480000)
 Metaspace       used 88459K, committed 89856K, reserved 1179648K
  class space    used 9439K, committed 10048K, reserved 1048576K
}
Event: 20257.840 GC heap after
{Heap after GC invocations=338 (full 13):
 PSYoungGen      total 9728K, used 3277K [0x00000007eab00000, 0x00000007eb800000, 0x0000000800000000)
  eden space 6144K, 0% used [0x00000007eab00000,0x00000007eab00000,0x00000007eb100000)
  from space 3584K, 91% used [0x00000007eb100000,0x00000007eb433690,0x00000007eb480000)
  to   space 3584K, 0% used [0x00000007eb480000,0x00000007eb480000,0x00000007eb800000)
 ParOldGen       total 201216K, used 152763K [0x00000007c0000000, 0x00000007cc480000, 0x00000007eab00000)
  object space 201216K, 75% used [0x00000007c0000000,0x00000007c952eee0,0x00000007cc480000)
 Metaspace       used 88459K, committed 89856K, reserved 1179648K
  class space    used 9439K, committed 10048K, reserved 1048576K
}

