# JRE version: OpenJDK Runtime Environment Temurin-17.0.13+11 (17.0.13+11) (build 17.0.13+11)
# Java VM: OpenJDK 64-Bit Server VM Temurin-17.0.13+11 (17.0.13+11, mixed mode, tiered, compressed oops, compressed class ptrs, parallel gc, bsd-amd64)
GC Precious Log:
 CPUs: 12 total, 12 available
 Memory: 32768M
 Large Page Support: Disabled
 NUMA Support: Disabled
 Compressed Oops: Enabled (Zero based)
 Alignments: Space 512K, Generation 512K, Heap 2M
 Heap Min Capacity: 100M
 Heap Initial Capacity: 100M
 Heap Max Capacity: 1G
 Pre-touch: Disabled
 Parallel Workers: 10
Heap:
 PSYoungGen      total 19456K, used 18832K [0x00000007eab00000, 0x00000007ec400000, 0x0000000800000000)
  eden space 16896K, 97% used [0x00000007eab00000,0x00000007ebb15c40,0x00000007ebb80000)
  from space 2560K, 92% used [0x00000007ebd80000,0x00000007ebfce710,0x00000007ec000000)
  to   space 3072K, 0% used [0x00000007ec100000,0x00000007ec100000,0x00000007ec400000)
 ParOldGen       total 96768K, used 78371K [0x00000007c0000000, 0x00000007c5e80000, 0x00000007eab00000)
  object space 96768K, 80% used [0x00000007c0000000,0x00000007c4c88e28,0x00000007c5e80000)
 Metaspace       used 59950K, committed 61120K, reserved 1114112K
  class space    used 6507K, committed 6976K, reserved 1048576K
GC Heap History (20 events):
Event: 6.362 GC heap before
{Heap before GC invocations=29 (full 2):
 PSYoungGen      total 22528K, used 22023K [0x00000007eab00000, 0x00000007ec600000, 0x0000000800000000)
  eden space 18944K, 100% used [0x00000007eab00000,0x00000007ebd80000,0x00000007ebd80000)
  from space 3584K, 85% used [0x00000007ec280000,0x00000007ec581ce0,0x00000007ec600000)
  to   space 3584K, 0% used [0x00000007ebf00000,0x00000007ebf00000,0x00000007ec280000)
 ParOldGen       total 68608K, used 52507K [0x00000007c0000000, 0x00000007c4300000, 0x00000007eab00000)
  object space 68608K, 76% used [0x00000007c0000000,0x00000007c3346d58,0x00000007c4300000)
 Metaspace       used 56525K, committed 57664K, reserved 1114112K
  class space    used 6218K, committed 6720K, reserved 1048576K
}
Event: 6.366 GC heap after
{Heap after GC invocations=29 (full 2):
 PSYoungGen      total 21504K, used 2360K [0x00000007eab00000, 0x00000007ec380000, 0x0000000800000000)
  eden space 18944K, 0% used [0x00000007eab00000,0x00000007eab00000,0x00000007ebd80000)
  from space 2560K, 92% used [0x00000007ebf00000,0x00000007ec14e160,0x00000007ec180000)
  to   space 2048K, 0% used [0x00000007ec180000,0x00000007ec180000,0x00000007ec380000)
 ParOldGen       total 68608K, used 55352K [0x00000007c0000000, 0x00000007c4300000, 0x00000007eab00000)
  object space 68608K, 80% used [0x00000007c0000000,0x00000007c360e028,0x00000007c4300000)
 Metaspace       used 56525K, committed 57664K, reserved 1114112K
  class space    used 6218K, committed 6720K, reserved 1048576K
}
Event: 6.439 GC heap before
{Heap before GC invocations=30 (full 2):
 PSYoungGen      total 21504K, used 21304K [0x00000007eab00000, 0x00000007ec380000, 0x0000000800000000)
  eden space 18944K, 100% used [0x00000007eab00000,0x00000007ebd80000,0x00000007ebd80000)
  from space 2560K, 92% used [0x00000007ebf00000,0x00000007ec14e160,0x00000007ec180000)
  to   space 2048K, 0% used [0x00000007ec180000,0x00000007ec180000,0x00000007ec380000)
 ParOldGen       total 68608K, used 55352K [0x00000007c0000000, 0x00000007c4300000, 0x00000007eab00000)
  object space 68608K, 80% used [0x00000007c0000000,0x00000007c360e028,0x00000007c4300000)
 Metaspace       used 56986K, committed 58240K, reserved 1114112K
  class space    used 6258K, committed 6784K, reserved 1048576K
}
Event: 6.443 GC heap after
{Heap after GC invocations=30 (full 2):
 PSYoungGen      total 18944K, used 2041K [0x00000007eab00000, 0x00000007ec980000, 0x0000000800000000)
  eden space 16896K, 0% used [0x00000007eab00000,0x00000007eab00000,0x00000007ebb80000)
  from space 2048K, 99% used [0x00000007ec180000,0x00000007ec37e558,0x00000007ec380000)
  to   space 6144K, 0% used [0x00000007ebb80000,0x00000007ebb80000,0x00000007ec180000)
 ParOldGen       total 68608K, used 58463K [0x00000007c0000000, 0x00000007c4300000, 0x00000007eab00000)
  object space 68608K, 85% used [0x00000007c0000000,0x00000007c3917e38,0x00000007c4300000)
 Metaspace       used 56986K, committed 58240K, reserved 1114112K
  class space    used 6258K, committed 6784K, reserved 1048576K
}
Event: 6.499 GC heap before
{Heap before GC invocations=31 (full 2):
 PSYoungGen      total 18944K, used 18937K [0x00000007eab00000, 0x00000007ec980000, 0x0000000800000000)
  eden space 16896K, 100% used [0x00000007eab00000,0x00000007ebb80000,0x00000007ebb80000)
  from space 2048K, 99% used [0x00000007ec180000,0x00000007ec37e558,0x00000007ec380000)
  to   space 6144K, 0% used [0x00000007ebb80000,0x00000007ebb80000,0x00000007ec180000)
 ParOldGen       total 68608K, used 58463K [0x00000007c0000000, 0x00000007c4300000, 0x00000007eab00000)
  object space 68608K, 85% used [0x00000007c0000000,0x00000007c3917e38,0x00000007c4300000)
 Metaspace       used 57288K, committed 58560K, reserved 1114112K
  class space    used 6295K, committed 6848K, reserved 1048576K
}
Event: 6.503 GC heap after
{Heap after GC invocations=31 (full 2):
 PSYoungGen      total 19456K, used 2463K [0x00000007eab00000, 0x00000007ec280000, 0x0000000800000000)
  eden space 16896K, 0% used [0x00000007eab00000,0x00000007eab00000,0x00000007ebb80000)
  from space 2560K, 96% used [0x00000007ebb80000,0x00000007ebde7f68,0x00000007ebe00000)
  to   space 3584K, 0% used [0x00000007ebf00000,0x00000007ebf00000,0x00000007ec280000)
 ParOldGen       total 68608K, used 60467K [0x00000007c0000000, 0x00000007c4300000, 0x00000007eab00000)
  object space 68608K, 88% used [0x00000007c0000000,0x00000007c3b0cee0,0x00000007c4300000)
 Metaspace       used 57288K, committed 58560K, reserved 1114112K
  class space    used 6295K, committed 6848K, reserved 1048576K
}
Event: 6.563 GC heap before
{Heap before GC invocations=32 (full 2):
 PSYoungGen      total 19456K, used 19359K [0x00000007eab00000, 0x00000007ec280000, 0x0000000800000000)
  eden space 16896K, 100% used [0x00000007eab00000,0x00000007ebb80000,0x00000007ebb80000)
  from space 2560K, 96% used [0x00000007ebb80000,0x00000007ebde7f68,0x00000007ebe00000)
  to   space 3584K, 0% used [0x00000007ebf00000,0x00000007ebf00000,0x00000007ec280000)
 ParOldGen       total 68608K, used 60467K [0x00000007c0000000, 0x00000007c4300000, 0x00000007eab00000)
  object space 68608K, 88% used [0x00000007c0000000,0x00000007c3b0cee0,0x00000007c4300000)
 Metaspace       used 57813K, committed 59008K, reserved 1114112K
  class space    used 6334K, committed 6848K, reserved 1048576K
}
Event: 6.565 GC heap after
{Heap after GC invocations=32 (full 2):
 PSYoungGen      total 19968K, used 2568K [0x00000007eab00000, 0x00000007ec200000, 0x0000000800000000)
  eden space 16896K, 0% used [0x00000007eab00000,0x00000007eab00000,0x00000007ebb80000)
  from space 3072K, 83% used [0x00000007ebf00000,0x00000007ec182128,0x00000007ec200000)
  to   space 3072K, 0% used [0x00000007ebc00000,0x00000007ebc00000,0x00000007ebf00000)
 ParOldGen       total 68608K, used 62780K [0x00000007c0000000, 0x00000007c4300000, 0x00000007eab00000)
  object space 68608K, 91% used [0x00000007c0000000,0x00000007c3d4f130,0x00000007c4300000)
 Metaspace       used 57813K, committed 59008K, reserved 1114112K
  class space    used 6334K, committed 6848K, reserved 1048576K
}
Event: 6.612 GC heap before
{Heap before GC invocations=33 (full 2):
 PSYoungGen      total 19968K, used 19382K [0x00000007eab00000, 0x00000007ec200000, 0x0000000800000000)
  eden space 16896K, 99% used [0x00000007eab00000,0x00000007ebb6bad0,0x00000007ebb80000)
  from space 3072K, 83% used [0x00000007ebf00000,0x00000007ec182128,0x00000007ec200000)
  to   space 3072K, 0% used [0x00000007ebc00000,0x00000007ebc00000,0x00000007ebf00000)
 ParOldGen       total 68608K, used 62780K [0x00000007c0000000, 0x00000007c4300000, 0x00000007eab00000)
  object space 68608K, 91% used [0x00000007c0000000,0x00000007c3d4f130,0x00000007c4300000)
 Metaspace       used 57921K, committed 59072K, reserved 1114112K
  class space    used 6353K, committed 6848K, reserved 1048576K
}
Event: 6.618 GC heap after
{Heap after GC invocations=33 (full 2):
 PSYoungGen      total 19968K, used 3040K [0x00000007eab00000, 0x00000007ecc80000, 0x0000000800000000)
  eden space 16896K, 0% used [0x00000007eab00000,0x00000007eab00000,0x00000007ebb80000)
  from space 3072K, 98% used [0x00000007ebc00000,0x00000007ebef82e0,0x00000007ebf00000)
  to   space 8704K, 0% used [0x00000007ec400000,0x00000007ec400000,0x00000007ecc80000)
 ParOldGen       total 68608K, used 67261K [0x00000007c0000000, 0x00000007c4300000, 0x00000007eab00000)
  object space 68608K, 98% used [0x00000007c0000000,0x00000007c41af4a8,0x00000007c4300000)
 Metaspace       used 57921K, committed 59072K, reserved 1114112K
  class space    used 6353K, committed 6848K, reserved 1048576K
}
Event: 6.686 GC heap before
{Heap before GC invocations=34 (full 3):
 PSYoungGen      total 19968K, used 19936K [0x00000007eab00000, 0x00000007ecc80000, 0x0000000800000000)
  eden space 16896K, 100% used [0x00000007eab00000,0x00000007ebb80000,0x00000007ebb80000)
  from space 3072K, 98% used [0x00000007ebc00000,0x00000007ebef82e0,0x00000007ebf00000)
  to   space 8704K, 0% used [0x00000007ec400000,0x00000007ec400000,0x00000007ecc80000)
 ParOldGen       total 68608K, used 67261K [0x00000007c0000000, 0x00000007c4300000, 0x00000007eab00000)
  object space 68608K, 98% used [0x00000007c0000000,0x00000007c41af4a8,0x00000007c4300000)
 Metaspace       used 58455K, committed 59584K, reserved 1114112K
  class space    used 6370K, committed 6848K, reserved 1048576K
}
Event: 6.768 GC heap after
{Heap after GC invocations=34 (full 3):
 PSYoungGen      total 25600K, used 0K [0x00000007eab00000, 0x00000007ecc80000, 0x0000000800000000)
  eden space 16896K, 0% used [0x00000007eab00000,0x00000007eab00000,0x00000007ebb80000)
  from space 8704K, 0% used [0x00000007ec400000,0x00000007ec400000,0x00000007ecc80000)
  to   space 8704K, 0% used [0x00000007ebb80000,0x00000007ebb80000,0x00000007ec400000)
 ParOldGen       total 96768K, used 66621K [0x00000007c0000000, 0x00000007c5e80000, 0x00000007eab00000)
  object space 96768K, 68% used [0x00000007c0000000,0x00000007c410f690,0x00000007c5e80000)
 Metaspace       used 58455K, committed 59584K, reserved 1114112K
  class space    used 6370K, committed 6848K, reserved 1048576K
}
Event: 6.907 GC heap before
{Heap before GC invocations=35 (full 3):
 PSYoungGen      total 25600K, used 16896K [0x00000007eab00000, 0x00000007ecc80000, 0x0000000800000000)
  eden space 16896K, 100% used [0x00000007eab00000,0x00000007ebb80000,0x00000007ebb80000)
  from space 8704K, 0% used [0x00000007ec400000,0x00000007ec400000,0x00000007ecc80000)
  to   space 8704K, 0% used [0x00000007ebb80000,0x00000007ebb80000,0x00000007ec400000)
 ParOldGen       total 96768K, used 66621K [0x00000007c0000000, 0x00000007c5e80000, 0x00000007eab00000)
  object space 96768K, 68% used [0x00000007c0000000,0x00000007c410f690,0x00000007c5e80000)
 Metaspace       used 58773K, committed 59968K, reserved 1114112K
  class space    used 6405K, committed 6912K, reserved 1048576K
}
Event: 6.911 GC heap after
{Heap after GC invocations=35 (full 3):
 PSYoungGen      total 20992K, used 3794K [0x00000007eab00000, 0x00000007ec680000, 0x0000000800000000)
  eden space 16896K, 0% used [0x00000007eab00000,0x00000007eab00000,0x00000007ebb80000)
  from space 4096K, 92% used [0x00000007ebb80000,0x00000007ebf34a48,0x00000007ebf80000)
  to   space 5632K, 0% used [0x00000007ec100000,0x00000007ec100000,0x00000007ec680000)
 ParOldGen       total 96768K, used 66629K [0x00000007c0000000, 0x00000007c5e80000, 0x00000007eab00000)
  object space 96768K, 68% used [0x00000007c0000000,0x00000007c4111690,0x00000007c5e80000)
 Metaspace       used 58773K, committed 59968K, reserved 1114112K
  class space    used 6405K, committed 6912K, reserved 1048576K
}
Event: 7.002 GC heap before
{Heap before GC invocations=36 (full 3):
 PSYoungGen      total 20992K, used 20690K [0x00000007eab00000, 0x00000007ec680000, 0x0000000800000000)
  eden space 16896K, 100% used [0x00000007eab00000,0x00000007ebb80000,0x00000007ebb80000)
  from space 4096K, 92% used [0x00000007ebb80000,0x00000007ebf34a48,0x00000007ebf80000)
  to   space 5632K, 0% used [0x00000007ec100000,0x00000007ec100000,0x00000007ec680000)
 ParOldGen       total 96768K, used 66629K [0x00000007c0000000, 0x00000007c5e80000, 0x00000007eab00000)
  object space 96768K, 68% used [0x00000007c0000000,0x00000007c4111690,0x00000007c5e80000)
 Metaspace       used 59210K, committed 60352K, reserved 1114112K
  class space    used 6444K, committed 6912K, reserved 1048576K
}
Event: 7.006 GC heap after
{Heap after GC invocations=36 (full 3):
 PSYoungGen      total 20480K, used 3426K [0x00000007eab00000, 0x00000007ec480000, 0x0000000800000000)
  eden space 16896K, 0% used [0x00000007eab00000,0x00000007eab00000,0x00000007ebb80000)
  from space 3584K, 95% used [0x00000007ec100000,0x00000007ec458870,0x00000007ec480000)
  to   space 4096K, 0% used [0x00000007ebc80000,0x00000007ebc80000,0x00000007ec080000)
 ParOldGen       total 96768K, used 70215K [0x00000007c0000000, 0x00000007c5e80000, 0x00000007eab00000)
  object space 96768K, 72% used [0x00000007c0000000,0x00000007c4491f48,0x00000007c5e80000)
 Metaspace       used 59210K, committed 60352K, reserved 1114112K
  class space    used 6444K, committed 6912K, reserved 1048576K
}
Event: 7.074 GC heap before
{Heap before GC invocations=37 (full 3):
 PSYoungGen      total 20480K, used 20322K [0x00000007eab00000, 0x00000007ec480000, 0x0000000800000000)
  eden space 16896K, 100% used [0x00000007eab00000,0x00000007ebb80000,0x00000007ebb80000)
  from space 3584K, 95% used [0x00000007ec100000,0x00000007ec458870,0x00000007ec480000)
  to   space 4096K, 0% used [0x00000007ebc80000,0x00000007ebc80000,0x00000007ec080000)
 ParOldGen       total 96768K, used 70215K [0x00000007c0000000, 0x00000007c5e80000, 0x00000007eab00000)
  object space 96768K, 72% used [0x00000007c0000000,0x00000007c4491f48,0x00000007c5e80000)
 Metaspace       used 59763K, committed 60928K, reserved 1114112K
  class space    used 6505K, committed 6976K, reserved 1048576K
}
Event: 7.078 GC heap after
{Heap after GC invocations=37 (full 3):
 PSYoungGen      total 20992K, used 4083K [0x00000007eab00000, 0x00000007ecb80000, 0x0000000800000000)
  eden space 16896K, 0% used [0x00000007eab00000,0x00000007eab00000,0x00000007ebb80000)
  from space 4096K, 99% used [0x00000007ebc80000,0x00000007ec07ccd0,0x00000007ec080000)
  to   space 8192K, 0% used [0x00000007ec380000,0x00000007ec380000,0x00000007ecb80000)
 ParOldGen       total 96768K, used 73456K [0x00000007c0000000, 0x00000007c5e80000, 0x00000007eab00000)
  object space 96768K, 75% used [0x00000007c0000000,0x00000007c47bc160,0x00000007c5e80000)
 Metaspace       used 59763K, committed 60928K, reserved 1114112K
  class space    used 6505K, committed 6976K, reserved 1048576K
}
Event: 7.121 GC heap before
{Heap before GC invocations=38 (full 3):
 PSYoungGen      total 20992K, used 20979K [0x00000007eab00000, 0x00000007ecb80000, 0x0000000800000000)
  eden space 16896K, 100% used [0x00000007eab00000,0x00000007ebb80000,0x00000007ebb80000)
  from space 4096K, 99% used [0x00000007ebc80000,0x00000007ec07ccd0,0x00000007ec080000)
  to   space 8192K, 0% used [0x00000007ec380000,0x00000007ec380000,0x00000007ecb80000)
 ParOldGen       total 96768K, used 73456K [0x00000007c0000000, 0x00000007c5e80000, 0x00000007eab00000)
  object space 96768K, 75% used [0x00000007c0000000,0x00000007c47bc160,0x00000007c5e80000)
 Metaspace       used 59785K, committed 60928K, reserved 1114112K
  class space    used 6505K, committed 6976K, reserved 1048576K
}
Event: 7.125 GC heap after
{Heap after GC invocations=38 (full 3):
 PSYoungGen      total 19968K, used 2609K [0x00000007eab00000, 0x00000007ec680000, 0x0000000800000000)
  eden space 16896K, 0% used [0x00000007eab00000,0x00000007eab00000,0x00000007ebb80000)
  from space 3072K, 84% used [0x00000007ec380000,0x00000007ec60c7b0,0x00000007ec680000)
  to   space 4608K, 0% used [0x00000007ebd80000,0x00000007ebd80000,0x00000007ec200000)
 ParOldGen       total 96768K, used 76796K [0x00000007c0000000, 0x00000007c5e80000, 0x00000007eab00000)
  object space 96768K, 79% used [0x00000007c0000000,0x00000007c4aff328,0x00000007c5e80000)
 Metaspace       used 59785K, committed 60928K, reserved 1114112K
  class space    used 6505K, committed 6976K, reserved 1048576K
}

